\savesets\VIRUS.ARJ
\savesets\MYZ80.ARJ
\savesets\JANUS10.ARJ
\savesets\WABC_DOC.ARJ
\savesets\ZD_J2R.ARJ
\savesets\CNS341.ARJ
\savesets\WIN310.ARJ
\savesets\MISC_ASM.ARJ
\savesets\DISKORDR.ARJ
\savesets\A86.ARJ
\savesets\TOOLS.ARJ
\savesets\ZD_A2I.ARJ
\savesets\ARJ241A.EXE
\savesets\SNAP402D.ARJ
\savesets\ATPRIM.ARJ
\savesets\PKZIP204.EXE
\savesets\MENUS.ARJ
\savesets\PCMAG89.ARJ
\savesets\DISKMAN.ARJ
\savesets\PHON.ARJ
\savesets\MISC_PAS.ARJ
\savesets\CTW.ARJ
\savesets\HELPPC.ARJ
\savesets\TPE34.ARJ
\savesets\RATBAS.ARJ
\savesets\MISC_BAS.ARJ
\savesets\OBRONM11.ARJ
\savesets\LANUTILS.ARJ
\savesets\PRIMER.ARJ
\savesets\ZD_S2Z.ARJ
\savesets\BLTC17A.ARJ
\savesets\COMMO.ARJ
\savesets\ARJLIST.ARJ
\savesets\WEBER.ARJ
\savesets\VOLUMES.ARJ
\savesets\MISC_SIL.ARJ
\savesets\DISASSEM.ARJ
\savesets\TMASTER.ARJ
\savesets\TINYUTIL.ARJ
\savesets\!NSCP.ARJ
\savesets\READY.ARJ
\savesets\FORTHCOM.ARJ
\savesets\DOS6.ARJ
\savesets\TUR-ATPR.ARJ
\savesets\NEWLIB52.ARJ
\savesets\WBTDEMO.ARJ
\savesets\THEMENU.ARJ
\savesets\LIST75.ARJ
\savesets\WACONTAC.ARJ
\savesets\TSRCOM30.ARJ
\savesets\CDROMBBS.ARJ
\savesets\STAGE2.ARJ
\savesets\SQSHPACK.ARJ
\savesets\TYPEEASY.ARJ
\savesets\BENCHMKS.ARJ
\savesets\MISC_DOC.ARJ
\savesets\FILTERS.ARJ
\savesets\WABC_CML.ARJ
\savesets\NEWCML.ARJ
\savesets\MSTRFONT.ARJ
\savesets\TICKLE.ARJ
\savesets\!BANG.ARJ
\savesets\DTRIM.ARJ
\savesets\LHA213.ARJ
\savesets\FINDEX.ARJ
\savesets\UC_HIST.ARJ
\savesets\RUTHBOAZ.ARJ
\savesets\TB_DBF.ARJ
\savesets\SQ-USQ.ARJ
\savesets\LAR.ARJ
\savesets\SEAGATE.ARJ
\savesets\TJV_HIST.ARJ
\savesets\TDB.ARJ
\savesets\MISC_BAT.ARJ
\savesets\MM_BAS.ARJ
\savesets\XPORT.ARJ
\savesets\PRGFILT.ARJ
\savesets\SQW.ARJ
\savesets\ALMS.ARJ
\savesets\CLIPMISC.ARJ
\savesets\CCALC.ARJ
\savesets\PCBOSS.ARJ
\savesets\BIBLIO.ARJ
\savesets\MISC_NOC.ARJ
\savesets\HPSET.ARJ
\savesets\ZIP143.ARJ
\savesets\MAXIBROW.ARJ
\savesets\PX.ARJ
\savesets\MISC_C.ARJ
\savesets\DISKSERV.ARJ
\savesets\REFTEST.ARJ
\savesets\THINX.ARJ
\savesets\TASKING.ARJ
\savesets\PCSIGCD.ARJ
\savesets\DOCUMENT.ARJ
\savesets\LISTCMOS.ARJ
\savesets\SHOBXMAC.ARJ
\savesets\RECFG.ARJ
\savesets\ARJ_BAK.ARJ
\savesets\IDEAS.ARJ
\savesets\FTEXT.ARJ
\savesets\STOPGAP.ARJ
\savesets\CHIPS18B.ARJ
\savesets\BIG.ARJ
\savesets\TPENV10.ARJ
\savesets\LOADER.ARJ
\savesets\SPEAK.ARJ
\savesets\BATCHMAN.ARJ
\savesets\TEXTCONV.ARJ
\savesets\FASTBIOS.ARJ
\savesets\RST174.ARJ
\savesets\MISC_WKS.ARJ
\savesets\WHAT_GET.ARJ
\savesets\COGNOS.ARJ
\savesets\TELPREFX.ARJ
\savesets\ENV.ARJ
\savesets\CLP123.ARJ
\savesets\CENTRE.ARJ
\savesets\DDD.ARJ
